<?xml version="1.0" encoding="UTF-8"?>
<!-- Generated by org.testng.reporters.JUnitReportReporter -->
<testsuite skipped="0" hostname="DESKTOP-634V98A" name="testng.DataProviderPractice" tests="3" failures="0" timestamp="2023-05-26T20:45:18 IST" time="0.008" errors="0">
  <testcase name="ticketBookingTest" time="0.006" classname="testng.DataProviderPractice"/>
  <system-out/>
  <testcase name="ticketBookingTest" time="0.001" classname="testng.DataProviderPractice"/>
  <system-out/>
  <testcase name="ticketBookingTest" time="0.001" classname="testng.DataProviderPractice"/>
  <system-out/>
</testsuite> <!-- testng.DataProviderPractice -->
