<?xml version="1.0" encoding="UTF-8"?>
<!-- Generated by org.testng.reporters.JUnitReportReporter -->
<testsuite skipped="0" hostname="DESKTOP-634V98A" name="testng.sampletestNG" tests="1" failures="0" timestamp="2023-05-21T14:15:53 IST" time="0.016" errors="0">
  <testcase name="demo" time="0.016" classname="testng.sampletestNG"/>
  <system-out>
    <![CDATA[Hello World]]>
  </system-out>
</testsuite> <!-- testng.sampletestNG -->
