<?xml version="1.0" encoding="UTF-8"?>
<!-- Generated by org.testng.reporters.JUnitReportReporter -->
<testsuite skipped="0" hostname="DESKTOP-634V98A" name="listeners.TestScript" tests="1" failures="0" timestamp="2023-05-26T21:34:22 IST" time="0.012" errors="0">
  <testcase name="test" time="0.012" classname="listeners.TestScript"/>
  <system-out/>
</testsuite> <!-- listeners.TestScript -->
